modules/x-engine-native-scan/android/native-scan/build/intermediates/manifest_merge_blame_file/debug/manifest-merger-blame-debug-report.txt
1<?xml version="1.0" encoding="utf-8"?>
2<manifest xmlns:android="http://schemas.android.com/apk/res/android"
3    package="nativ.scan"
4    android:versionCode="1"
5    android:versionName="1.0.0" >
6
7    <uses-sdk
8        android:minSdkVersion="19"
8-->src/main/AndroidManifest.xml
9        android:targetSdkVersion="29" />
9-->src/main/AndroidManifest.xml
10
11    <uses-permission android:name="android.permission.INTERNET" />
11-->src/main/AndroidManifest.xml:4:5-67
11-->src/main/AndroidManifest.xml:4:22-64
12    <uses-permission android:name="android.permission.WRITE_EXTERNAL_STORAGE" />
12-->src/main/AndroidManifest.xml:5:5-81
12-->src/main/AndroidManifest.xml:5:22-78
13    <uses-permission android:name="android.permission.READ_EXTERNAL_STORAGE" />
13-->src/main/AndroidManifest.xml:6:5-80
13-->src/main/AndroidManifest.xml:6:22-77
14
15    <application>
15-->src/main/AndroidManifest.xml:8:5-17:19
16        <meta-data
16-->src/main/AndroidManifest.xml:10:9-12:62
17            android:name="com.zkty.native.scan"
17-->src/main/AndroidManifest.xml:11:13-48
18            android:value="com.zkty.nativ.scan.NativeScan" />
18-->src/main/AndroidManifest.xml:12:13-59
19
20        <activity
20-->src/main/AndroidManifest.xml:13:9-14:51
21            android:name="com.zkty.nativ.scan.activity.ScanActivity"
21-->src/main/AndroidManifest.xml:13:19-75
22            android:screenOrientation="portrait" />
22-->src/main/AndroidManifest.xml:14:13-49
23        <activity
23-->src/main/AndroidManifest.xml:15:9-16:51
24            android:name="com.zkty.nativ.scan.activity.DefinedActivity"
24-->src/main/AndroidManifest.xml:15:19-78
25            android:screenOrientation="portrait" />
25-->src/main/AndroidManifest.xml:16:13-49
26    </application>
27
28</manifest>